Log file format = 10302012
Run date = 2013-12-08 00:27:56
Started at 1386480476618
NEW GROUP added at 1386480481792
Add picture /events/mountain range.png to group 1 at 1386480483882
NEW GROUP added at 1386480486194
NEW GROUP added at 1386480486609
NEW GROUP added at 1386480486961
NEW GROUP added at 1386480487289
Add picture /events/lake.png to group 4 at 1386480491522
Add picture /events/water.png to group 4 at 1386480493338
Add picture /events/stream.png to group 4 at 1386480496130
Add picture /events/waterfall.png to group 4 at 1386480499106
Add picture /events/peninsula.png to group 3 at 1386480511770
Add picture /events/continent.png to group 3 at 1386480514514
Add picture /events/plateau.png to group 3 at 1386480517802
Add picture /events/earthquake.png to group 5 at 1386480520115
Add picture /events/country.png to group 2 at 1386480527602
Add picture /events/road.png to group 2 at 1386480529010
Add picture /events/town.png to group 2 at 1386480530370
Add picture /events/street.png to group 2 at 1386480532074
Add picture /events/sea.png to group 4 at 1386480541426
Add picture /events/pond.png to group 4 at 1386480546914
Add picture /events/glacier.png to group 4 at 1386480548730
Add picture /events/body of water.png to group 4 at 1386480558074
Add picture /events/ocean.png to group 4 at 1386480561082
Add picture /events/island.png to group 3 at 1386480565154
Add picture /events/county.png to group 2 at 1386480579610
Add picture /events/volcano.png to group 5 at 1386480589739
Add picture /events/desert.png to group 3 at 1386480597346
Add picture /events/land.png to group 3 at 1386480604106
Add picture /events/rock.png to group 1 at 1386480611930
Add picture /events/canyon.png to group 1 at 1386480615363
Add picture /events/river.png to group 4 at 1386480621274
NEW GROUP added at 1386480638344
NEW GROUP added at 1386480638984
Remove picture /events/rock.png from group 1 at 1386480653388
Add picture /events/plain.png to group 3 at 1386480659146
Add picture /events/forest.png to group 6 at 1386480679875
Add picture /events/hill.png to group 6 at 1386480683034
Add picture /events/valley.png to group 6 at 1386480685298
Add picture /events/delta.png to group 6 at 1386480694995
Add picture /events/mountain.png to group 6 at 1386480700618
Add picture /events/beach.png to group 7 at 1386480707674
Add picture /events/grass.png to group 6 at 1386480711418
Add picture /events/highway.png to group 2 at 1386480731466
Add picture /events/city.png to group 2 at 1386480733962
Add picture /events/capitals.png to group 2 at 1386480737746
Add picture /events/elevation.png to group 1 at 1386480746106
Add picture /events/border.png to group 1 at 1386480752274
Add picture /events/boundary.png to group 1 at 1386480760226
Add picture /events/beach.png to group 4 at 1386480770074
Remove picture /events/beach.png from group 7 at 1386480770102
Remove picture /events/beach.png from group 4 at 1386480782029
Add picture /events/beach.png to group 1 at 1386480785323
Add picture /events/building.png to group 2 at 1386480798106
NEW GROUP added at 1386480801282
Add picture /events/map.png to group 7 at 1386480808458
Add picture /events/topography.png to group 7 at 1386480810514
Add picture /events/archipelago.png to group 7 at 1386480811786
Add picture /events/atlas.png to group 7 at 1386480817187
Add picture /events/world.png to group 7 at 1386480819419
Add picture /events/compass.png to group 7 at 1386480821426
Add picture /events/globe.png to group 7 at 1386480830434
Add picture /events/house.png to group 2 at 1386480850594
Add picture /events/state.png to group 2 at 1386480854282
Add picture /events/weather.png to group 5 at 1386480873762
Add picture /events/rock.png to group 6 at 1386480879474
Add picture /events/tree.png to group 6 at 1386480880954
Add picture /events/longitude.png to group 7 at 1386480888291
Finished at 1386480898160
Sorting took this many seconds: 421.237